Performing C++ SOURCE FILE Test COMPILER_SUPPORT_Wshorten64to32 failed with the following output:
Change Dir: /home/ouxiaowei/gbbCalibPackage/build/external/src/Eigen-build/CMakeFiles/CMakeTmp

Run Build Command:"/usr/bin/gmake" "cmTC_474b4/fast"
gmake[3]: Entering directory `/home/ouxiaowei/gbbCalibPackage/build/external/src/Eigen-build/CMakeFiles/CMakeTmp'
/usr/bin/gmake -f CMakeFiles/cmTC_474b4.dir/build.make CMakeFiles/cmTC_474b4.dir/build
gmake[4]: Entering directory `/home/ouxiaowei/gbbCalibPackage/build/external/src/Eigen-build/CMakeFiles/CMakeTmp'
Building CXX object CMakeFiles/cmTC_474b4.dir/src.cxx.o
/cvmfs/sft.cern.ch/lcg/releases/gcc/6.2.0-b9934/x86_64-slc6/bin/g++    -std=c++03 -pedantic -Wall -Wextra -Wundef -Wcast-align -Wchar-subscripts -Wnon-virtual-dtor -Wunused-local-typedefs -Wpointer-arith -Wwrite-strings -Wformat-security -DCOMPILER_SUPPORT_Wshorten64to32 -Werror   -Wshorten-64-to-32 -o CMakeFiles/cmTC_474b4.dir/src.cxx.o -c /home/ouxiaowei/gbbCalibPackage/build/external/src/Eigen-build/CMakeFiles/CMakeTmp/src.cxx
g++: error: unrecognized command line option '-Wshorten-64-to-32'
gmake[4]: *** [CMakeFiles/cmTC_474b4.dir/src.cxx.o] Error 1
gmake[4]: Leaving directory `/home/ouxiaowei/gbbCalibPackage/build/external/src/Eigen-build/CMakeFiles/CMakeTmp'
gmake[3]: *** [cmTC_474b4/fast] Error 2
gmake[3]: Leaving directory `/home/ouxiaowei/gbbCalibPackage/build/external/src/Eigen-build/CMakeFiles/CMakeTmp'

Source file was:
int main() { return 0; }
Performing C++ SOURCE FILE Test COMPILER_SUPPORT_Wenumconversion failed with the following output:
Change Dir: /home/ouxiaowei/gbbCalibPackage/build/external/src/Eigen-build/CMakeFiles/CMakeTmp

Run Build Command:"/usr/bin/gmake" "cmTC_8ff2a/fast"
gmake[3]: Entering directory `/home/ouxiaowei/gbbCalibPackage/build/external/src/Eigen-build/CMakeFiles/CMakeTmp'
/usr/bin/gmake -f CMakeFiles/cmTC_8ff2a.dir/build.make CMakeFiles/cmTC_8ff2a.dir/build
gmake[4]: Entering directory `/home/ouxiaowei/gbbCalibPackage/build/external/src/Eigen-build/CMakeFiles/CMakeTmp'
Building CXX object CMakeFiles/cmTC_8ff2a.dir/src.cxx.o
/cvmfs/sft.cern.ch/lcg/releases/gcc/6.2.0-b9934/x86_64-slc6/bin/g++    -std=c++03 -pedantic -Wall -Wextra -Wundef -Wcast-align -Wchar-subscripts -Wnon-virtual-dtor -Wunused-local-typedefs -Wpointer-arith -Wwrite-strings -Wformat-security -Wlogical-op -DCOMPILER_SUPPORT_Wenumconversion -Werror   -Wenum-conversion -o CMakeFiles/cmTC_8ff2a.dir/src.cxx.o -c /home/ouxiaowei/gbbCalibPackage/build/external/src/Eigen-build/CMakeFiles/CMakeTmp/src.cxx
g++: error: unrecognized command line option '-Wenum-conversion'; did you mean '-Wno-conversion'?
gmake[4]: *** [CMakeFiles/cmTC_8ff2a.dir/src.cxx.o] Error 1
gmake[4]: Leaving directory `/home/ouxiaowei/gbbCalibPackage/build/external/src/Eigen-build/CMakeFiles/CMakeTmp'
gmake[3]: *** [cmTC_8ff2a/fast] Error 2
gmake[3]: Leaving directory `/home/ouxiaowei/gbbCalibPackage/build/external/src/Eigen-build/CMakeFiles/CMakeTmp'

Source file was:
int main() { return 0; }
Performing C++ SOURCE FILE Test COMPILER_SUPPORT_Wcpp11extensions failed with the following output:
Change Dir: /home/ouxiaowei/gbbCalibPackage/build/external/src/Eigen-build/CMakeFiles/CMakeTmp

Run Build Command:"/usr/bin/gmake" "cmTC_fdb95/fast"
gmake[3]: Entering directory `/home/ouxiaowei/gbbCalibPackage/build/external/src/Eigen-build/CMakeFiles/CMakeTmp'
/usr/bin/gmake -f CMakeFiles/cmTC_fdb95.dir/build.make CMakeFiles/cmTC_fdb95.dir/build
gmake[4]: Entering directory `/home/ouxiaowei/gbbCalibPackage/build/external/src/Eigen-build/CMakeFiles/CMakeTmp'
Building CXX object CMakeFiles/cmTC_fdb95.dir/src.cxx.o
/cvmfs/sft.cern.ch/lcg/releases/gcc/6.2.0-b9934/x86_64-slc6/bin/g++    -std=c++03 -pedantic -Wall -Wextra -Wundef -Wcast-align -Wchar-subscripts -Wnon-virtual-dtor -Wunused-local-typedefs -Wpointer-arith -Wwrite-strings -Wformat-security -Wlogical-op -DCOMPILER_SUPPORT_Wcpp11extensions -Werror   -Wc++11-extensions -o CMakeFiles/cmTC_fdb95.dir/src.cxx.o -c /home/ouxiaowei/gbbCalibPackage/build/external/src/Eigen-build/CMakeFiles/CMakeTmp/src.cxx
g++: error: unrecognized command line option '-Wc++11-extensions'; did you mean '-fms-extensions'?
gmake[4]: *** [CMakeFiles/cmTC_fdb95.dir/src.cxx.o] Error 1
gmake[4]: Leaving directory `/home/ouxiaowei/gbbCalibPackage/build/external/src/Eigen-build/CMakeFiles/CMakeTmp'
gmake[3]: *** [cmTC_fdb95/fast] Error 2
gmake[3]: Leaving directory `/home/ouxiaowei/gbbCalibPackage/build/external/src/Eigen-build/CMakeFiles/CMakeTmp'

Source file was:
int main() { return 0; }
Performing C++ SOURCE FILE Test COMPILER_SUPPORT_wd981 failed with the following output:
Change Dir: /home/ouxiaowei/gbbCalibPackage/build/external/src/Eigen-build/CMakeFiles/CMakeTmp

Run Build Command:"/usr/bin/gmake" "cmTC_49db2/fast"
gmake[3]: Entering directory `/home/ouxiaowei/gbbCalibPackage/build/external/src/Eigen-build/CMakeFiles/CMakeTmp'
/usr/bin/gmake -f CMakeFiles/cmTC_49db2.dir/build.make CMakeFiles/cmTC_49db2.dir/build
gmake[4]: Entering directory `/home/ouxiaowei/gbbCalibPackage/build/external/src/Eigen-build/CMakeFiles/CMakeTmp'
Building CXX object CMakeFiles/cmTC_49db2.dir/src.cxx.o
/cvmfs/sft.cern.ch/lcg/releases/gcc/6.2.0-b9934/x86_64-slc6/bin/g++    -std=c++03 -pedantic -Wall -Wextra -Wundef -Wcast-align -Wchar-subscripts -Wnon-virtual-dtor -Wunused-local-typedefs -Wpointer-arith -Wwrite-strings -Wformat-security -Wlogical-op -Wdouble-promotion -Wno-psabi -Wno-variadic-macros -Wno-long-long -fno-check-new -fno-common -fstrict-aliasing -DCOMPILER_SUPPORT_wd981 -Werror   -wd981 -o CMakeFiles/cmTC_49db2.dir/src.cxx.o -c /home/ouxiaowei/gbbCalibPackage/build/external/src/Eigen-build/CMakeFiles/CMakeTmp/src.cxx
g++: error: unrecognized command line option '-wd981'
gmake[4]: *** [CMakeFiles/cmTC_49db2.dir/src.cxx.o] Error 1
gmake[4]: Leaving directory `/home/ouxiaowei/gbbCalibPackage/build/external/src/Eigen-build/CMakeFiles/CMakeTmp'
gmake[3]: *** [cmTC_49db2/fast] Error 2
gmake[3]: Leaving directory `/home/ouxiaowei/gbbCalibPackage/build/external/src/Eigen-build/CMakeFiles/CMakeTmp'

Source file was:
int main() { return 0; }
Performing C++ SOURCE FILE Test COMPILER_SUPPORT_wd2304 failed with the following output:
Change Dir: /home/ouxiaowei/gbbCalibPackage/build/external/src/Eigen-build/CMakeFiles/CMakeTmp

Run Build Command:"/usr/bin/gmake" "cmTC_8e94d/fast"
gmake[3]: Entering directory `/home/ouxiaowei/gbbCalibPackage/build/external/src/Eigen-build/CMakeFiles/CMakeTmp'
/usr/bin/gmake -f CMakeFiles/cmTC_8e94d.dir/build.make CMakeFiles/cmTC_8e94d.dir/build
gmake[4]: Entering directory `/home/ouxiaowei/gbbCalibPackage/build/external/src/Eigen-build/CMakeFiles/CMakeTmp'
Building CXX object CMakeFiles/cmTC_8e94d.dir/src.cxx.o
/cvmfs/sft.cern.ch/lcg/releases/gcc/6.2.0-b9934/x86_64-slc6/bin/g++    -std=c++03 -pedantic -Wall -Wextra -Wundef -Wcast-align -Wchar-subscripts -Wnon-virtual-dtor -Wunused-local-typedefs -Wpointer-arith -Wwrite-strings -Wformat-security -Wlogical-op -Wdouble-promotion -Wno-psabi -Wno-variadic-macros -Wno-long-long -fno-check-new -fno-common -fstrict-aliasing -DCOMPILER_SUPPORT_wd2304 -Werror   -wd2304 -o CMakeFiles/cmTC_8e94d.dir/src.cxx.o -c /home/ouxiaowei/gbbCalibPackage/build/external/src/Eigen-build/CMakeFiles/CMakeTmp/src.cxx
g++: error: unrecognized command line option '-wd2304'
gmake[4]: *** [CMakeFiles/cmTC_8e94d.dir/src.cxx.o] Error 1
gmake[4]: Leaving directory `/home/ouxiaowei/gbbCalibPackage/build/external/src/Eigen-build/CMakeFiles/CMakeTmp'
gmake[3]: *** [cmTC_8e94d/fast] Error 2
gmake[3]: Leaving directory `/home/ouxiaowei/gbbCalibPackage/build/external/src/Eigen-build/CMakeFiles/CMakeTmp'

Source file was:
int main() { return 0; }
Performing C++ SOURCE FILE Test COMPILER_SUPPORT_STRICTANSI failed with the following output:
Change Dir: /home/ouxiaowei/gbbCalibPackage/build/external/src/Eigen-build/CMakeFiles/CMakeTmp

Run Build Command:"/usr/bin/gmake" "cmTC_ac30d/fast"
gmake[3]: Entering directory `/home/ouxiaowei/gbbCalibPackage/build/external/src/Eigen-build/CMakeFiles/CMakeTmp'
/usr/bin/gmake -f CMakeFiles/cmTC_ac30d.dir/build.make CMakeFiles/cmTC_ac30d.dir/build
gmake[4]: Entering directory `/home/ouxiaowei/gbbCalibPackage/build/external/src/Eigen-build/CMakeFiles/CMakeTmp'
Building CXX object CMakeFiles/cmTC_ac30d.dir/src.cxx.o
/cvmfs/sft.cern.ch/lcg/releases/gcc/6.2.0-b9934/x86_64-slc6/bin/g++    -std=c++03 -pedantic -Wall -Wextra -Wundef -Wcast-align -Wchar-subscripts -Wnon-virtual-dtor -Wunused-local-typedefs -Wpointer-arith -Wwrite-strings -Wformat-security -Wlogical-op -Wdouble-promotion -Wno-psabi -Wno-variadic-macros -Wno-long-long -fno-check-new -fno-common -fstrict-aliasing -DCOMPILER_SUPPORT_STRICTANSI -Werror   -strict-ansi -o CMakeFiles/cmTC_ac30d.dir/src.cxx.o -c /home/ouxiaowei/gbbCalibPackage/build/external/src/Eigen-build/CMakeFiles/CMakeTmp/src.cxx
g++: error: unrecognized command line option '-strict-ansi'; did you mean '-fstrict-enums'?
gmake[4]: *** [CMakeFiles/cmTC_ac30d.dir/src.cxx.o] Error 1
gmake[4]: Leaving directory `/home/ouxiaowei/gbbCalibPackage/build/external/src/Eigen-build/CMakeFiles/CMakeTmp'
gmake[3]: *** [cmTC_ac30d/fast] Error 2
gmake[3]: Leaving directory `/home/ouxiaowei/gbbCalibPackage/build/external/src/Eigen-build/CMakeFiles/CMakeTmp'

Source file was:
int main() { return 0; }
Performing C++ SOURCE FILE Test COMPILER_SUPPORT_Qunusedarguments failed with the following output:
Change Dir: /home/ouxiaowei/gbbCalibPackage/build/external/src/Eigen-build/CMakeFiles/CMakeTmp

Run Build Command:"/usr/bin/gmake" "cmTC_c7089/fast"
gmake[3]: Entering directory `/home/ouxiaowei/gbbCalibPackage/build/external/src/Eigen-build/CMakeFiles/CMakeTmp'
/usr/bin/gmake -f CMakeFiles/cmTC_c7089.dir/build.make CMakeFiles/cmTC_c7089.dir/build
gmake[4]: Entering directory `/home/ouxiaowei/gbbCalibPackage/build/external/src/Eigen-build/CMakeFiles/CMakeTmp'
Building CXX object CMakeFiles/cmTC_c7089.dir/src.cxx.o
/cvmfs/sft.cern.ch/lcg/releases/gcc/6.2.0-b9934/x86_64-slc6/bin/g++    -std=c++03 -pedantic -Wall -Wextra -Wundef -Wcast-align -Wchar-subscripts -Wnon-virtual-dtor -Wunused-local-typedefs -Wpointer-arith -Wwrite-strings -Wformat-security -Wlogical-op -Wdouble-promotion -Wno-psabi -Wno-variadic-macros -Wno-long-long -fno-check-new -fno-common -fstrict-aliasing -DCOMPILER_SUPPORT_Qunusedarguments -Werror   -Qunused-arguments -o CMakeFiles/cmTC_c7089.dir/src.cxx.o -c /home/ouxiaowei/gbbCalibPackage/build/external/src/Eigen-build/CMakeFiles/CMakeTmp/src.cxx
g++: error: unrecognized command line option '-Qunused-arguments'; did you mean '-Wunused-argument'?
gmake[4]: *** [CMakeFiles/cmTC_c7089.dir/src.cxx.o] Error 1
gmake[4]: Leaving directory `/home/ouxiaowei/gbbCalibPackage/build/external/src/Eigen-build/CMakeFiles/CMakeTmp'
gmake[3]: *** [cmTC_c7089/fast] Error 2
gmake[3]: Leaving directory `/home/ouxiaowei/gbbCalibPackage/build/external/src/Eigen-build/CMakeFiles/CMakeTmp'

Source file was:
int main() { return 0; }
Determining if the Q_WS_WIN exist failed with the following output:
Change Dir: /home/ouxiaowei/gbbCalibPackage/build/external/src/Eigen-build/CMakeFiles/CMakeTmp

Run Build Command:"/usr/bin/gmake" "cmTC_45b1a/fast"
gmake[3]: Entering directory `/home/ouxiaowei/gbbCalibPackage/build/external/src/Eigen-build/CMakeFiles/CMakeTmp'
/usr/bin/gmake -f CMakeFiles/cmTC_45b1a.dir/build.make CMakeFiles/cmTC_45b1a.dir/build
gmake[4]: Entering directory `/home/ouxiaowei/gbbCalibPackage/build/external/src/Eigen-build/CMakeFiles/CMakeTmp'
Building CXX object CMakeFiles/cmTC_45b1a.dir/CheckSymbolExists.cxx.o
/cvmfs/sft.cern.ch/lcg/releases/gcc/6.2.0-b9934/x86_64-slc6/bin/g++    -std=c++03 -pedantic -Wall -Wextra -Wundef -Wcast-align -Wchar-subscripts -Wnon-virtual-dtor -Wunused-local-typedefs -Wpointer-arith -Wwrite-strings -Wformat-security -Wlogical-op -Wdouble-promotion -Wno-psabi -Wno-variadic-macros -Wno-long-long -fno-check-new -fno-common -fstrict-aliasing -ansi -O1 -g1    -o CMakeFiles/cmTC_45b1a.dir/CheckSymbolExists.cxx.o -c /home/ouxiaowei/gbbCalibPackage/build/external/src/Eigen-build/CMakeFiles/CMakeTmp/CheckSymbolExists.cxx
/home/ouxiaowei/gbbCalibPackage/build/external/src/Eigen-build/CMakeFiles/CMakeTmp/CheckSymbolExists.cxx: In function 'int main(int, char**)':
/home/ouxiaowei/gbbCalibPackage/build/external/src/Eigen-build/CMakeFiles/CMakeTmp/CheckSymbolExists.cxx:8:19: error: 'Q_WS_WIN' was not declared in this scope
   return ((int*)(&Q_WS_WIN))[argc];
                   ^~~~~~~~
gmake[4]: *** [CMakeFiles/cmTC_45b1a.dir/CheckSymbolExists.cxx.o] Error 1
gmake[4]: Leaving directory `/home/ouxiaowei/gbbCalibPackage/build/external/src/Eigen-build/CMakeFiles/CMakeTmp'
gmake[3]: *** [cmTC_45b1a/fast] Error 2
gmake[3]: Leaving directory `/home/ouxiaowei/gbbCalibPackage/build/external/src/Eigen-build/CMakeFiles/CMakeTmp'

File /home/ouxiaowei/gbbCalibPackage/build/external/src/Eigen-build/CMakeFiles/CMakeTmp/CheckSymbolExists.cxx:
/* */
#include <QtCore/qglobal.h>

int main(int argc, char** argv)
{
  (void)argv;
#ifndef Q_WS_WIN
  return ((int*)(&Q_WS_WIN))[argc];
#else
  (void)argc;
  return 0;
#endif
}

Determining if the Q_WS_QWS exist failed with the following output:
Change Dir: /home/ouxiaowei/gbbCalibPackage/build/external/src/Eigen-build/CMakeFiles/CMakeTmp

Run Build Command:"/usr/bin/gmake" "cmTC_557ef/fast"
gmake[3]: Entering directory `/home/ouxiaowei/gbbCalibPackage/build/external/src/Eigen-build/CMakeFiles/CMakeTmp'
/usr/bin/gmake -f CMakeFiles/cmTC_557ef.dir/build.make CMakeFiles/cmTC_557ef.dir/build
gmake[4]: Entering directory `/home/ouxiaowei/gbbCalibPackage/build/external/src/Eigen-build/CMakeFiles/CMakeTmp'
Building CXX object CMakeFiles/cmTC_557ef.dir/CheckSymbolExists.cxx.o
/cvmfs/sft.cern.ch/lcg/releases/gcc/6.2.0-b9934/x86_64-slc6/bin/g++    -std=c++03 -pedantic -Wall -Wextra -Wundef -Wcast-align -Wchar-subscripts -Wnon-virtual-dtor -Wunused-local-typedefs -Wpointer-arith -Wwrite-strings -Wformat-security -Wlogical-op -Wdouble-promotion -Wno-psabi -Wno-variadic-macros -Wno-long-long -fno-check-new -fno-common -fstrict-aliasing -ansi -O1 -g1    -o CMakeFiles/cmTC_557ef.dir/CheckSymbolExists.cxx.o -c /home/ouxiaowei/gbbCalibPackage/build/external/src/Eigen-build/CMakeFiles/CMakeTmp/CheckSymbolExists.cxx
/home/ouxiaowei/gbbCalibPackage/build/external/src/Eigen-build/CMakeFiles/CMakeTmp/CheckSymbolExists.cxx: In function 'int main(int, char**)':
/home/ouxiaowei/gbbCalibPackage/build/external/src/Eigen-build/CMakeFiles/CMakeTmp/CheckSymbolExists.cxx:8:19: error: 'Q_WS_QWS' was not declared in this scope
   return ((int*)(&Q_WS_QWS))[argc];
                   ^~~~~~~~
gmake[4]: *** [CMakeFiles/cmTC_557ef.dir/CheckSymbolExists.cxx.o] Error 1
gmake[4]: Leaving directory `/home/ouxiaowei/gbbCalibPackage/build/external/src/Eigen-build/CMakeFiles/CMakeTmp'
gmake[3]: *** [cmTC_557ef/fast] Error 2
gmake[3]: Leaving directory `/home/ouxiaowei/gbbCalibPackage/build/external/src/Eigen-build/CMakeFiles/CMakeTmp'

File /home/ouxiaowei/gbbCalibPackage/build/external/src/Eigen-build/CMakeFiles/CMakeTmp/CheckSymbolExists.cxx:
/* */
#include <QtCore/qglobal.h>

int main(int argc, char** argv)
{
  (void)argv;
#ifndef Q_WS_QWS
  return ((int*)(&Q_WS_QWS))[argc];
#else
  (void)argc;
  return 0;
#endif
}

Determining if the Q_WS_MAC exist failed with the following output:
Change Dir: /home/ouxiaowei/gbbCalibPackage/build/external/src/Eigen-build/CMakeFiles/CMakeTmp

Run Build Command:"/usr/bin/gmake" "cmTC_5e3f2/fast"
gmake[3]: Entering directory `/home/ouxiaowei/gbbCalibPackage/build/external/src/Eigen-build/CMakeFiles/CMakeTmp'
/usr/bin/gmake -f CMakeFiles/cmTC_5e3f2.dir/build.make CMakeFiles/cmTC_5e3f2.dir/build
gmake[4]: Entering directory `/home/ouxiaowei/gbbCalibPackage/build/external/src/Eigen-build/CMakeFiles/CMakeTmp'
Building CXX object CMakeFiles/cmTC_5e3f2.dir/CheckSymbolExists.cxx.o
/cvmfs/sft.cern.ch/lcg/releases/gcc/6.2.0-b9934/x86_64-slc6/bin/g++    -std=c++03 -pedantic -Wall -Wextra -Wundef -Wcast-align -Wchar-subscripts -Wnon-virtual-dtor -Wunused-local-typedefs -Wpointer-arith -Wwrite-strings -Wformat-security -Wlogical-op -Wdouble-promotion -Wno-psabi -Wno-variadic-macros -Wno-long-long -fno-check-new -fno-common -fstrict-aliasing -ansi -O1 -g1    -o CMakeFiles/cmTC_5e3f2.dir/CheckSymbolExists.cxx.o -c /home/ouxiaowei/gbbCalibPackage/build/external/src/Eigen-build/CMakeFiles/CMakeTmp/CheckSymbolExists.cxx
/home/ouxiaowei/gbbCalibPackage/build/external/src/Eigen-build/CMakeFiles/CMakeTmp/CheckSymbolExists.cxx: In function 'int main(int, char**)':
/home/ouxiaowei/gbbCalibPackage/build/external/src/Eigen-build/CMakeFiles/CMakeTmp/CheckSymbolExists.cxx:8:19: error: 'Q_WS_MAC' was not declared in this scope
   return ((int*)(&Q_WS_MAC))[argc];
                   ^~~~~~~~
gmake[4]: *** [CMakeFiles/cmTC_5e3f2.dir/CheckSymbolExists.cxx.o] Error 1
gmake[4]: Leaving directory `/home/ouxiaowei/gbbCalibPackage/build/external/src/Eigen-build/CMakeFiles/CMakeTmp'
gmake[3]: *** [cmTC_5e3f2/fast] Error 2
gmake[3]: Leaving directory `/home/ouxiaowei/gbbCalibPackage/build/external/src/Eigen-build/CMakeFiles/CMakeTmp'

File /home/ouxiaowei/gbbCalibPackage/build/external/src/Eigen-build/CMakeFiles/CMakeTmp/CheckSymbolExists.cxx:
/* */
#include <QtCore/qglobal.h>

int main(int argc, char** argv)
{
  (void)argv;
#ifndef Q_WS_MAC
  return ((int*)(&Q_WS_MAC))[argc];
#else
  (void)argc;
  return 0;
#endif
}

Determining if the pthread_create exist failed with the following output:
Change Dir: /home/ouxiaowei/gbbCalibPackage/build/external/src/Eigen-build/CMakeFiles/CMakeTmp

Run Build Command:"/usr/bin/gmake" "cmTC_3f5d3/fast"
gmake[3]: Entering directory `/home/ouxiaowei/gbbCalibPackage/build/external/src/Eigen-build/CMakeFiles/CMakeTmp'
/usr/bin/gmake -f CMakeFiles/cmTC_3f5d3.dir/build.make CMakeFiles/cmTC_3f5d3.dir/build
gmake[4]: Entering directory `/home/ouxiaowei/gbbCalibPackage/build/external/src/Eigen-build/CMakeFiles/CMakeTmp'
Building C object CMakeFiles/cmTC_3f5d3.dir/CheckSymbolExists.c.o
/cvmfs/sft.cern.ch/lcg/releases/gcc/6.2.0-b9934/x86_64-slc6/bin/gcc    -o CMakeFiles/cmTC_3f5d3.dir/CheckSymbolExists.c.o   -c /home/ouxiaowei/gbbCalibPackage/build/external/src/Eigen-build/CMakeFiles/CMakeTmp/CheckSymbolExists.c
Linking C executable cmTC_3f5d3
/cvmfs/atlas.cern.ch/repo/ATLASLocalRootBase/x86_64/Cmake/3.11.0/Linux-x86_64/bin/cmake -E cmake_link_script CMakeFiles/cmTC_3f5d3.dir/link.txt --verbose=1
/cvmfs/sft.cern.ch/lcg/releases/gcc/6.2.0-b9934/x86_64-slc6/bin/gcc      -rdynamic CMakeFiles/cmTC_3f5d3.dir/CheckSymbolExists.c.o  -o cmTC_3f5d3 
CMakeFiles/cmTC_3f5d3.dir/CheckSymbolExists.c.o: In function `main':
CheckSymbolExists.c:(.text+0x16): undefined reference to `pthread_create'
collect2: error: ld returned 1 exit status
gmake[4]: *** [cmTC_3f5d3] Error 1
gmake[4]: Leaving directory `/home/ouxiaowei/gbbCalibPackage/build/external/src/Eigen-build/CMakeFiles/CMakeTmp'
gmake[3]: *** [cmTC_3f5d3/fast] Error 2
gmake[3]: Leaving directory `/home/ouxiaowei/gbbCalibPackage/build/external/src/Eigen-build/CMakeFiles/CMakeTmp'

File /home/ouxiaowei/gbbCalibPackage/build/external/src/Eigen-build/CMakeFiles/CMakeTmp/CheckSymbolExists.c:
/* */
#include <pthread.h>

int main(int argc, char** argv)
{
  (void)argv;
#ifndef pthread_create
  return ((int*)(&pthread_create))[argc];
#else
  (void)argc;
  return 0;
#endif
}

Determining if the function pthread_create exists in the pthreads failed with the following output:
Change Dir: /home/ouxiaowei/gbbCalibPackage/build/external/src/Eigen-build/CMakeFiles/CMakeTmp

Run Build Command:"/usr/bin/gmake" "cmTC_214e5/fast"
gmake[3]: Entering directory `/home/ouxiaowei/gbbCalibPackage/build/external/src/Eigen-build/CMakeFiles/CMakeTmp'
/usr/bin/gmake -f CMakeFiles/cmTC_214e5.dir/build.make CMakeFiles/cmTC_214e5.dir/build
gmake[4]: Entering directory `/home/ouxiaowei/gbbCalibPackage/build/external/src/Eigen-build/CMakeFiles/CMakeTmp'
Building C object CMakeFiles/cmTC_214e5.dir/CheckFunctionExists.c.o
/cvmfs/sft.cern.ch/lcg/releases/gcc/6.2.0-b9934/x86_64-slc6/bin/gcc   -DCHECK_FUNCTION_EXISTS=pthread_create   -o CMakeFiles/cmTC_214e5.dir/CheckFunctionExists.c.o   -c /cvmfs/atlas.cern.ch/repo/ATLASLocalRootBase/x86_64/Cmake/3.11.0/Linux-x86_64/share/cmake-3.11/Modules/CheckFunctionExists.c
Linking C executable cmTC_214e5
/cvmfs/atlas.cern.ch/repo/ATLASLocalRootBase/x86_64/Cmake/3.11.0/Linux-x86_64/bin/cmake -E cmake_link_script CMakeFiles/cmTC_214e5.dir/link.txt --verbose=1
/cvmfs/sft.cern.ch/lcg/releases/gcc/6.2.0-b9934/x86_64-slc6/bin/gcc  -DCHECK_FUNCTION_EXISTS=pthread_create    -rdynamic CMakeFiles/cmTC_214e5.dir/CheckFunctionExists.c.o  -o cmTC_214e5 -lpthreads 
/cvmfs/sft.cern.ch/lcg/releases/binutils/2.28-a983d/x86_64-slc6/bin/ld: cannot find -lpthreads
collect2: error: ld returned 1 exit status
gmake[4]: *** [cmTC_214e5] Error 1
gmake[4]: Leaving directory `/home/ouxiaowei/gbbCalibPackage/build/external/src/Eigen-build/CMakeFiles/CMakeTmp'
gmake[3]: *** [cmTC_214e5/fast] Error 2
gmake[3]: Leaving directory `/home/ouxiaowei/gbbCalibPackage/build/external/src/Eigen-build/CMakeFiles/CMakeTmp'


